Arguments: 
  /Users/kiritavaga/.nvm/versions/node/v8.1.2/bin/node /Users/kiritavaga/.yarn/bin/yarn.js add v1.17.3

PATH: 
  /Users/kiritavaga/.yarn/bin:/Users/kiritavaga/.config/yarn/global/node_modules/.bin:/Users/kiritavaga/.nvm/versions/node/v8.1.2/bin:/usr/local/bin:/usr/bin:/bin:/usr/sbin:/sbin

Yarn version: 
  1.17.3

Node version: 
  8.1.2

Platform: 
  darwin x64

Trace: 
  Error: https://registry.yarnpkg.com/v1.17.3: Not found
      at Request.params.callback [as _callback] (/Users/kiritavaga/.yarn/lib/cli.js:66830:18)
      at Request.self.callback (/Users/kiritavaga/.yarn/lib/cli.js:140464:22)
      at emitTwo (events.js:125:13)
      at Request.emit (events.js:213:7)
      at Request.<anonymous> (/Users/kiritavaga/.yarn/lib/cli.js:141436:10)
      at emitOne (events.js:115:13)
      at Request.emit (events.js:210:7)
      at IncomingMessage.<anonymous> (/Users/kiritavaga/.yarn/lib/cli.js:141358:12)
      at Object.onceWrapper (events.js:314:30)
      at emitNone (events.js:110:20)

npm manifest: 
  No manifest

yarn manifest: 
  No manifest

Lockfile: 
  # THIS IS AN AUTOGENERATED FILE. DO NOT EDIT THIS FILE DIRECTLY.
  # yarn lockfile v1
